# JRE version: OpenJDK Runtime Environment Temurin-17.0.17+10 (17.0.17+10) (build 17.0.17+10)
# Java VM: OpenJDK 64-Bit Server VM Temurin-17.0.17+10 (17.0.17+10, mixed mode, sharing, tiered, compressed oops, compressed class ptrs, g1 gc, windows-amd64)
GC Precious Log:
 CPUs: 8 total, 8 available
 Memory: 7985M
 Large Page Support: Disabled
 NUMA Support: Disabled
 Compressed Oops: Enabled (32-bit)
 Heap Region Size: 1M
 Heap Min Capacity: 8M
 Heap Initial Capacity: 126M
 Heap Max Capacity: 2G
 Pre-touch: Disabled
 Parallel Workers: 8
 Concurrent Workers: 2
 Concurrent Refinement Workers: 8
 Periodic GC: Disabled
Heap:
 garbage-first heap   total 210944K, used 96632K [0x0000000080000000, 0x0000000100000000)
  region size 1024K, 21 young (21504K), 10 survivors (10240K)
 Metaspace       used 83966K, committed 84928K, reserved 557056K
  class space    used 11617K, committed 12096K, reserved 425984K
GC Heap History (20 events):
Event: 13.527 GC heap before
{Heap before GC invocations=18 (full 0):
 garbage-first heap   total 103424K, used 83647K [0x0000000080000000, 0x0000000100000000)
  region size 1024K, 29 young (29696K), 2 survivors (2048K)
 Metaspace       used 61132K, committed 61760K, reserved 491520K
  class space    used 8585K, committed 8896K, reserved 425984K
}
Event: 13.531 GC heap after
{Heap after GC invocations=19 (full 0):
 garbage-first heap   total 124928K, used 56508K [0x0000000080000000, 0x0000000100000000)
  region size 1024K, 2 young (2048K), 2 survivors (2048K)
 Metaspace       used 61132K, committed 61760K, reserved 491520K
  class space    used 8585K, committed 8896K, reserved 425984K
}
Event: 13.635 GC heap before
{Heap before GC invocations=19 (full 0):
 garbage-first heap   total 124928K, used 60604K [0x0000000080000000, 0x0000000100000000)
  region size 1024K, 6 young (6144K), 2 survivors (2048K)
 Metaspace       used 61477K, committed 62144K, reserved 491520K
  class space    used 8637K, committed 8960K, reserved 425984K
}
Event: 13.638 GC heap after
{Heap after GC invocations=20 (full 0):
 garbage-first heap   total 124928K, used 56245K [0x0000000080000000, 0x0000000100000000)
  region size 1024K, 1 young (1024K), 1 survivors (1024K)
 Metaspace       used 61477K, committed 62144K, reserved 491520K
  class space    used 8637K, committed 8960K, reserved 425984K
}
Event: 14.386 GC heap before
{Heap before GC invocations=20 (full 0):
 garbage-first heap   total 124928K, used 100277K [0x0000000080000000, 0x0000000100000000)
  region size 1024K, 44 young (45056K), 1 survivors (1024K)
 Metaspace       used 64230K, committed 64960K, reserved 491520K
  class space    used 9069K, committed 9408K, reserved 425984K
}
Event: 14.390 GC heap after
{Heap after GC invocations=21 (full 0):
 garbage-first heap   total 124928K, used 57569K [0x0000000080000000, 0x0000000100000000)
  region size 1024K, 2 young (2048K), 2 survivors (2048K)
 Metaspace       used 64230K, committed 64960K, reserved 491520K
  class space    used 9069K, committed 9408K, reserved 425984K
}
Event: 15.396 GC heap before
{Heap before GC invocations=22 (full 0):
 garbage-first heap   total 124928K, used 101601K [0x0000000080000000, 0x0000000100000000)
  region size 1024K, 45 young (46080K), 2 survivors (2048K)
 Metaspace       used 66207K, committed 66880K, reserved 491520K
  class space    used 9354K, committed 9664K, reserved 425984K
}
Event: 15.403 GC heap after
{Heap after GC invocations=23 (full 0):
 garbage-first heap   total 124928K, used 61784K [0x0000000080000000, 0x0000000100000000)
  region size 1024K, 6 young (6144K), 6 survivors (6144K)
 Metaspace       used 66207K, committed 66880K, reserved 491520K
  class space    used 9354K, committed 9664K, reserved 425984K
}
Event: 15.431 GC heap before
{Heap before GC invocations=23 (full 0):
 garbage-first heap   total 124928K, used 62808K [0x0000000080000000, 0x0000000100000000)
  region size 1024K, 7 young (7168K), 6 survivors (6144K)
 Metaspace       used 66259K, committed 67008K, reserved 491520K
  class space    used 9362K, committed 9728K, reserved 425984K
}
Event: 15.436 GC heap after
{Heap after GC invocations=24 (full 0):
 garbage-first heap   total 124928K, used 62141K [0x0000000080000000, 0x0000000100000000)
  region size 1024K, 1 young (1024K), 1 survivors (1024K)
 Metaspace       used 66259K, committed 67008K, reserved 491520K
  class space    used 9362K, committed 9728K, reserved 425984K
}
Event: 16.254 GC heap before
{Heap before GC invocations=24 (full 0):
 garbage-first heap   total 124928K, used 100029K [0x0000000080000000, 0x0000000100000000)
  region size 1024K, 39 young (39936K), 1 survivors (1024K)
 Metaspace       used 68234K, committed 68992K, reserved 491520K
  class space    used 9591K, committed 9984K, reserved 425984K
}
Event: 16.259 GC heap after
{Heap after GC invocations=25 (full 0):
 garbage-first heap   total 124928K, used 66152K [0x0000000080000000, 0x0000000100000000)
  region size 1024K, 5 young (5120K), 5 survivors (5120K)
 Metaspace       used 68234K, committed 68992K, reserved 491520K
  class space    used 9591K, committed 9984K, reserved 425984K
}
Event: 17.413 GC heap before
{Heap before GC invocations=26 (full 0):
 garbage-first heap   total 124928K, used 99944K [0x0000000080000000, 0x0000000100000000)
  region size 1024K, 38 young (38912K), 5 survivors (5120K)
 Metaspace       used 70407K, committed 71168K, reserved 491520K
  class space    used 9932K, committed 10304K, reserved 425984K
}
Event: 17.424 GC heap after
{Heap after GC invocations=27 (full 0):
 garbage-first heap   total 124928K, used 68678K [0x0000000080000000, 0x0000000100000000)
  region size 1024K, 4 young (4096K), 4 survivors (4096K)
 Metaspace       used 70407K, committed 71168K, reserved 491520K
  class space    used 9932K, committed 10304K, reserved 425984K
}
Event: 17.484 GC heap before
{Heap before GC invocations=27 (full 0):
 garbage-first heap   total 124928K, used 70726K [0x0000000080000000, 0x0000000100000000)
  region size 1024K, 6 young (6144K), 4 survivors (4096K)
 Metaspace       used 70522K, committed 71296K, reserved 491520K
  class space    used 9949K, committed 10304K, reserved 425984K
}
Event: 17.489 GC heap after
{Heap after GC invocations=28 (full 0):
 garbage-first heap   total 210944K, used 67427K [0x0000000080000000, 0x0000000100000000)
  region size 1024K, 1 young (1024K), 1 survivors (1024K)
 Metaspace       used 70522K, committed 71296K, reserved 491520K
  class space    used 9949K, committed 10304K, reserved 425984K
}
Event: 37.170 GC heap before
{Heap before GC invocations=28 (full 0):
 garbage-first heap   total 210944K, used 156515K [0x0000000080000000, 0x0000000100000000)
  region size 1024K, 89 young (91136K), 1 survivors (1024K)
 Metaspace       used 77904K, committed 78720K, reserved 557056K
  class space    used 11066K, committed 11456K, reserved 425984K
}
Event: 37.219 GC heap after
{Heap after GC invocations=29 (full 0):
 garbage-first heap   total 210944K, used 74811K [0x0000000080000000, 0x0000000100000000)
  region size 1024K, 8 young (8192K), 8 survivors (8192K)
 Metaspace       used 77904K, committed 78720K, reserved 557056K
  class space    used 11066K, committed 11456K, reserved 425984K
}
Event: 53.583 GC heap before
{Heap before GC invocations=29 (full 0):
 garbage-first heap   total 210944K, used 163899K [0x0000000080000000, 0x0000000100000000)
  region size 1024K, 91 young (93184K), 8 survivors (8192K)
 Metaspace       used 83846K, committed 84864K, reserved 557056K
  class space    used 11614K, committed 12096K, reserved 425984K
}
Event: 53.607 GC heap after
{Heap after GC invocations=30 (full 0):
 garbage-first heap   total 210944K, used 86392K [0x0000000080000000, 0x0000000100000000)
  region size 1024K, 10 young (10240K), 10 survivors (10240K)
 Metaspace       used 83846K, committed 84864K, reserved 557056K
  class space    used 11614K, committed 12096K, reserved 425984K
}

